<?xml version="1.0" encoding="UTF-8"?>
<!-- Generated by org.testng.reporters.JUnitReportReporter -->
<testsuite skipped="0" hostname="DESKTOP-9L91LNU" name="TestCases.CheckPrices" tests="1" failures="0" timestamp="2021-01-06T12:40:03 CST" time="8.710" errors="0">
  <testcase name="checkPriceTC" time="8.710" classname="TestCases.CheckPrices"/>
  <system-out/>
</testsuite> <!-- TestCases.CheckPrices -->
