<?xml version="1.0" encoding="UTF-8"?>
<!-- Generated by org.testng.reporters.JUnitReportReporter -->
<testsuite skipped="0" hostname="DESKTOP-9L91LNU" name="TestCases.SearchProperties" tests="1" failures="0" timestamp="2021-01-06T17:54:34 CST" time="25.736" errors="0">
  <testcase name="searchPropertyTC" time="25.736" classname="TestCases.SearchProperties"/>
  <system-out/>
</testsuite> <!-- TestCases.SearchProperties -->
