<?xml version="1.0" encoding="UTF-8"?>
<!-- Generated by org.testng.reporters.JUnitReportReporter -->
<testsuite hostname="DESKTOP-9L91LNU" name="Runnerfile.Runnerfile" tests="1" failures="0" timestamp="29 Dec 2020 00:59:04 GMT" time="123.819" errors="0">
  <testcase name="feature" time="123.819" classname="Runnerfile.Runnerfile"/>
</testsuite> <!-- Runnerfile.Runnerfile -->
