<?xml version="1.0" encoding="UTF-8"?>
<!-- Generated by org.testng.reporters.JUnitReportReporter -->
<testsuite hostname="DESKTOP-9L91LNU" name="Runnerfile.Runnerfile" tests="1" failures="0" timestamp="29 Dec 2020 00:55:44 GMT" time="37.803" errors="0">
  <testcase name="feature" time="37.803" classname="Runnerfile.Runnerfile"/>
</testsuite> <!-- Runnerfile.Runnerfile -->
