<?xml version="1.0" encoding="UTF-8"?>
<!-- Generated by org.testng.reporters.JUnitReportReporter -->
<testsuite skipped="0" hostname="DESKTOP-9L91LNU" name="RentalCarsAPI" tests="4" failures="0" timestamp="2020-12-29T02:08:39 CST" time="3.949" errors="0">
  <testcase name="verifyTeslaBlue" time="2.709" classname="RentalCarsAPI"/>
  <system-out/>
  <testcase name="getCarswithLowPrice" time="0.272" classname="RentalCarsAPI"/>
  <system-out/>
  <testcase name="getCarswithDiscountLowPrice" time="0.384" classname="RentalCarsAPI"/>
  <system-out/>
  <testcase name="highestProfitCar" time="0.584" classname="RentalCarsAPI"/>
  <system-out/>
</testsuite> <!-- RentalCarsAPI -->
