<?xml version="1.0" encoding="UTF-8"?>
<!-- Generated by org.testng.reporters.JUnitReportReporter -->
<testsuite skipped="1" hostname="DESKTOP-9L91LNU" name="RunnerFile.Runnerfile" tests="1" failures="0" timestamp="2020-12-27T23:15:28 CST" time="0.000" errors="0">
  <testcase name="feature" time="0.000" classname="RunnerFile.Runnerfile">
    <skipped/>
  </testcase> <!-- feature -->
  <system-out/>
</testsuite> <!-- RunnerFile.Runnerfile -->
