<?xml version="1.0" encoding="UTF-8"?>
<!-- Generated by org.testng.reporters.JUnitReportReporter -->
<testsuite skipped="0" hostname="DESKTOP-9L91LNU" name="Countriestests.countryCapitaltest" tests="1" failures="0" timestamp="2020-12-27T19:23:00 CST" time="8.394" errors="0">
  <testcase name="CapitalNameTest" time="8.394" classname="Countriestests.countryCapitaltest"/>
  <system-out/>
</testsuite> <!-- Countriestests.countryCapitaltest -->
