<?xml version="1.0" encoding="UTF-8"?>
<!-- Generated by org.testng.reporters.JUnitReportReporter -->
<testsuite skipped="0" hostname="DESKTOP-9L91LNU" name="studentAPI" tests="2" failures="0" timestamp="2020-12-24T23:14:16 CST" time="3.179" errors="0">
  <testcase name="studentDataValidate" time="1.214" classname="studentAPI"/>
  <system-out/>
  <testcase name="StudentPostAPI" time="1.965" classname="studentAPI"/>
  <system-out/>
</testsuite> <!-- studentAPI -->
