<?xml version="1.0" encoding="UTF-8"?>
<!-- Generated by org.testng.reporters.JUnitReportReporter -->
<testsuite hostname="DESKTOP-9L91LNU" name="sampleproject.testcase1" tests="1" failures="0" timestamp="8 Jan 2021 02:02:23 GMT" time="0.008" errors="0">
  <testcase name="tc1" time="0.008" classname="sampleproject.testcase1"/>
</testsuite> <!-- sampleproject.testcase1 -->
